2017-07-01 20:28:01,249 INFO  [Log] **************************************************************************************** 
2017-07-01 20:28:01,250 INFO  [Log] **************************************************************************************** 
2017-07-01 20:28:01,250 INFO  [Log] $$$$$$$$$$$$$$$$$$$$$                 UDF_TC       $$$$$$$$$$$$$$$$$$$$$$$$$ 
2017-07-01 20:28:01,250 INFO  [Log] **************************************************************************************** 
2017-07-01 20:28:01,250 INFO  [Log] **************************************************************************************** 
2017-07-01 20:28:02,612 ERROR [Log] Class ExcelUtil | Method getRowContains | Exception desc : null 
2017-07-01 20:30:50,663 INFO  [Log] **************************************************************************************** 
2017-07-01 20:30:50,674 INFO  [Log] **************************************************************************************** 
2017-07-01 20:30:50,675 INFO  [Log] $$$$$$$$$$$$$$$$$$$$$                 UDF_TC       $$$$$$$$$$$$$$$$$$$$$$$$$ 
2017-07-01 20:30:50,675 INFO  [Log] **************************************************************************************** 
2017-07-01 20:30:50,675 INFO  [Log] **************************************************************************************** 
2017-07-01 20:30:52,273 ERROR [Log] Class ExcelUtil | Method getRowContains | Exception desc : null 
2017-07-01 20:31:07,906 INFO  [Log] **************************************************************************************** 
2017-07-01 20:31:07,907 INFO  [Log] **************************************************************************************** 
2017-07-01 20:31:07,907 INFO  [Log] $$$$$$$$$$$$$$$$$$$$$                 UDF_TC       $$$$$$$$$$$$$$$$$$$$$$$$$ 
2017-07-01 20:31:07,907 INFO  [Log] **************************************************************************************** 
2017-07-01 20:31:07,907 INFO  [Log] **************************************************************************************** 
2017-07-01 20:31:09,253 ERROR [Log] Class ExcelUtil | Method getRowContains | Exception desc : null 
2017-07-01 20:31:14,511 INFO  [Log] **************************************************************************************** 
2017-07-01 20:31:14,512 INFO  [Log] **************************************************************************************** 
2017-07-01 20:31:14,512 INFO  [Log] $$$$$$$$$$$$$$$$$$$$$                 UDF_TC       $$$$$$$$$$$$$$$$$$$$$$$$$ 
2017-07-01 20:31:14,512 INFO  [Log] **************************************************************************************** 
2017-07-01 20:31:14,513 INFO  [Log] **************************************************************************************** 
2017-07-01 20:31:16,070 ERROR [Log] Class ExcelUtil | Method getRowContains | Exception desc : null 
2017-07-01 20:31:50,594 INFO  [Log] **************************************************************************************** 
2017-07-01 20:31:50,596 INFO  [Log] **************************************************************************************** 
2017-07-01 20:31:50,596 INFO  [Log] $$$$$$$$$$$$$$$$$$$$$                 UDF_TC       $$$$$$$$$$$$$$$$$$$$$$$$$ 
2017-07-01 20:31:50,597 INFO  [Log] **************************************************************************************** 
2017-07-01 20:31:50,597 INFO  [Log] **************************************************************************************** 
2017-07-01 20:31:51,997 ERROR [Log] Class ExcelUtil | Method getRowContains | Exception desc : null 
2017-07-01 20:32:15,371 INFO  [Log] **************************************************************************************** 
2017-07-01 20:32:15,373 INFO  [Log] **************************************************************************************** 
2017-07-01 20:32:15,373 INFO  [Log] $$$$$$$$$$$$$$$$$$$$$                 UDF_TC       $$$$$$$$$$$$$$$$$$$$$$$$$ 
2017-07-01 20:32:15,373 INFO  [Log] **************************************************************************************** 
2017-07-01 20:32:15,373 INFO  [Log] **************************************************************************************** 
2017-07-01 20:32:16,810 ERROR [Log] Class ExcelUtil | Method getRowContains | Exception desc : null 
2017-07-01 20:33:04,040 INFO  [Log] **************************************************************************************** 
2017-07-01 20:33:04,041 INFO  [Log] **************************************************************************************** 
2017-07-01 20:33:04,042 INFO  [Log] $$$$$$$$$$$$$$$$$$$$$                 UDF_TC       $$$$$$$$$$$$$$$$$$$$$$$$$ 
2017-07-01 20:33:04,042 INFO  [Log] **************************************************************************************** 
2017-07-01 20:33:04,042 INFO  [Log] **************************************************************************************** 
2017-07-01 20:33:05,535 ERROR [Log] Class ExcelUtil | Method getRowContains | Exception desc : null 
2017-07-01 20:33:34,154 INFO  [Log] **************************************************************************************** 
2017-07-01 20:33:34,163 INFO  [Log] **************************************************************************************** 
2017-07-01 20:33:34,163 INFO  [Log] $$$$$$$$$$$$$$$$$$$$$                 UDF_TC       $$$$$$$$$$$$$$$$$$$$$$$$$ 
2017-07-01 20:33:34,163 INFO  [Log] **************************************************************************************** 
2017-07-01 20:33:34,163 INFO  [Log] **************************************************************************************** 
2017-07-01 20:33:35,647 INFO  [Log] Username picked from Excel is  
2017-07-01 20:33:35,647 INFO  [Log] Password picked from Excel is  
2017-07-01 20:33:51,307 INFO  [Log] **************************************************************************************** 
2017-07-01 20:33:51,308 INFO  [Log] **************************************************************************************** 
2017-07-01 20:33:51,309 INFO  [Log] $$$$$$$$$$$$$$$$$$$$$                 UDF_TC       $$$$$$$$$$$$$$$$$$$$$$$$$ 
2017-07-01 20:33:51,309 INFO  [Log] **************************************************************************************** 
2017-07-01 20:33:51,309 INFO  [Log] **************************************************************************************** 
2017-07-01 20:34:17,903 INFO  [Log] **************************************************************************************** 
2017-07-01 20:34:17,904 INFO  [Log] **************************************************************************************** 
2017-07-01 20:34:17,904 INFO  [Log] $$$$$$$$$$$$$$$$$$$$$                 UDF_TC       $$$$$$$$$$$$$$$$$$$$$$$$$ 
2017-07-01 20:34:17,904 INFO  [Log] **************************************************************************************** 
2017-07-01 20:34:17,905 INFO  [Log] **************************************************************************************** 
2017-07-01 20:38:42,758 INFO  [Log] **************************************************************************************** 
2017-07-01 20:38:42,760 INFO  [Log] **************************************************************************************** 
2017-07-01 20:38:42,760 INFO  [Log] $$$$$$$$$$$$$$$$$$$$$                 UDF_TC       $$$$$$$$$$$$$$$$$$$$$$$$$ 
2017-07-01 20:38:42,760 INFO  [Log] **************************************************************************************** 
2017-07-01 20:38:42,760 INFO  [Log] **************************************************************************************** 
2017-07-01 20:39:09,253 ERROR [Log] Class ExcelUtil | Method getRowContains | Exception desc : null 
2017-07-01 20:39:50,966 INFO  [Log] **************************************************************************************** 
2017-07-01 20:39:50,968 INFO  [Log] **************************************************************************************** 
2017-07-01 20:39:50,968 INFO  [Log] $$$$$$$$$$$$$$$$$$$$$                 UDF_TC       $$$$$$$$$$$$$$$$$$$$$$$$$ 
2017-07-01 20:39:50,968 INFO  [Log] **************************************************************************************** 
2017-07-01 20:39:50,969 INFO  [Log] **************************************************************************************** 
2017-07-01 20:40:57,929 INFO  [Log] **************************************************************************************** 
2017-07-01 20:40:57,930 INFO  [Log] **************************************************************************************** 
2017-07-01 20:40:57,931 INFO  [Log] $$$$$$$$$$$$$$$$$$$$$                 UDF_TC       $$$$$$$$$$$$$$$$$$$$$$$$$ 
2017-07-01 20:40:57,931 INFO  [Log] **************************************************************************************** 
2017-07-01 20:40:57,931 INFO  [Log] **************************************************************************************** 
2017-07-01 20:41:16,662 INFO  [Log] **************************************************************************************** 
2017-07-01 20:41:16,663 INFO  [Log] **************************************************************************************** 
2017-07-01 20:41:16,664 INFO  [Log] $$$$$$$$$$$$$$$$$$$$$                 UDF_TC       $$$$$$$$$$$$$$$$$$$$$$$$$ 
2017-07-01 20:41:16,664 INFO  [Log] **************************************************************************************** 
2017-07-01 20:41:16,664 INFO  [Log] **************************************************************************************** 
2017-07-01 20:47:38,529 INFO  [Log] **************************************************************************************** 
2017-07-01 20:47:38,531 INFO  [Log] **************************************************************************************** 
2017-07-01 20:47:38,531 INFO  [Log] $$$$$$$$$$$$$$$$$$$$$                 UDF_TC       $$$$$$$$$$$$$$$$$$$$$$$$$ 
2017-07-01 20:47:38,531 INFO  [Log] **************************************************************************************** 
2017-07-01 20:47:38,531 INFO  [Log] **************************************************************************************** 
2017-07-01 20:53:02,609 INFO  [Log] New driver instantiated 
2017-07-01 20:53:02,616 INFO  [Log] Implicit wait applied on the driver for 10 seconds 
2017-07-01 20:53:08,375 INFO  [Log] Web application launched successfully 
2017-07-01 20:53:34,591 INFO  [Log] New driver instantiated 
2017-07-01 20:53:34,595 INFO  [Log] Implicit wait applied on the driver for 10 seconds 
2017-07-01 20:53:40,744 INFO  [Log] Web application launched successfully 
2017-07-01 21:05:07,650 INFO  [Log] **************************************************************************************** 
2017-07-01 21:05:07,651 INFO  [Log] **************************************************************************************** 
2017-07-01 21:05:07,652 INFO  [Log] $$$$$$$$$$$$$$$$$$$$$                 UDF_TC       $$$$$$$$$$$$$$$$$$$$$$$$$ 
2017-07-01 21:05:07,652 INFO  [Log] **************************************************************************************** 
2017-07-01 21:05:07,652 INFO  [Log] **************************************************************************************** 
2017-07-01 21:13:59,682 INFO  [Log] **************************************************************************************** 
2017-07-01 21:13:59,683 INFO  [Log] **************************************************************************************** 
2017-07-01 21:13:59,683 INFO  [Log] $$$$$$$$$$$$$$$$$$$$$                 UDF_TC       $$$$$$$$$$$$$$$$$$$$$$$$$ 
2017-07-01 21:13:59,683 INFO  [Log] **************************************************************************************** 
2017-07-01 21:13:59,683 INFO  [Log] **************************************************************************************** 
2017-07-01 21:17:13,284 INFO  [Log] **************************************************************************************** 
2017-07-01 21:17:13,286 INFO  [Log] **************************************************************************************** 
2017-07-01 21:17:13,286 INFO  [Log] $$$$$$$$$$$$$$$$$$$$$                 UDF_TC       $$$$$$$$$$$$$$$$$$$$$$$$$ 
2017-07-01 21:17:13,286 INFO  [Log] **************************************************************************************** 
2017-07-01 21:17:13,286 INFO  [Log] **************************************************************************************** 
2017-07-01 21:18:55,734 INFO  [Log] **************************************************************************************** 
2017-07-01 21:18:55,735 INFO  [Log] **************************************************************************************** 
2017-07-01 21:18:55,736 INFO  [Log] $$$$$$$$$$$$$$$$$$$$$                 UDF_TC       $$$$$$$$$$$$$$$$$$$$$$$$$ 
2017-07-01 21:18:55,736 INFO  [Log] **************************************************************************************** 
2017-07-01 21:18:55,736 INFO  [Log] **************************************************************************************** 
2017-07-01 21:19:43,679 INFO  [Log] **************************************************************************************** 
2017-07-01 21:19:43,680 INFO  [Log] **************************************************************************************** 
2017-07-01 21:19:43,680 INFO  [Log] $$$$$$$$$$$$$$$$$$$$$                 UDF_TC       $$$$$$$$$$$$$$$$$$$$$$$$$ 
2017-07-01 21:19:43,680 INFO  [Log] **************************************************************************************** 
2017-07-01 21:19:43,680 INFO  [Log] **************************************************************************************** 
2017-07-01 21:23:46,748 INFO  [Log] **************************************************************************************** 
2017-07-01 21:23:46,749 INFO  [Log] **************************************************************************************** 
2017-07-01 21:23:46,749 INFO  [Log] $$$$$$$$$$$$$$$$$$$$$                 UDF_TC       $$$$$$$$$$$$$$$$$$$$$$$$$ 
2017-07-01 21:23:46,749 INFO  [Log] **************************************************************************************** 
2017-07-01 21:23:46,749 INFO  [Log] **************************************************************************************** 
2017-07-01 21:26:00,797 INFO  [Log] New driver instantiated 
2017-07-01 21:26:00,809 INFO  [Log] Implicit wait applied on the driver for 10 seconds 
2017-07-01 21:26:09,235 INFO  [Log] Web application launched successfully 
